<!DOCTYPE html PUBLIC "-//W3C//DTD XHTML 1.1//EN" "http://www.w3.org/TR/xhtml11/DTD/xhtml11.dtd">
<html xmlns="http://www.w3.org/1999/xhtml"><head><title>TestNG Report</title><style type="text/css">table {margin-bottom:10px;border-collapse:collapse;empty-cells:show}th,td {border:1px solid #009;padding:.25em .5em}th {vertical-align:bottom}td {vertical-align:top}table a {font-weight:bold}.stripe td {background-color: #E6EBF9}.num {text-align:right}.passedodd td {background-color: #3F3}.passedeven td {background-color: #0A0}.skippedodd td {background-color: #DDD}.skippedeven td {background-color: #CCC}.failedodd td,.attn {background-color: #F33}.failedeven td,.stripe .attn {background-color: #D00}.stacktrace {white-space:pre;font-family:monospace}.totop {font-size:85%;text-align:center;border-bottom:2px solid #000}</style></head><body><table><tr><th>Test</th><th># Passed</th><th># Skipped</th><th># Failed</th><th>Time (ms)</th><th>Included Groups</th><th>Excluded Groups</th></tr><tr><th colspan="7">Rediff</th></tr><tr><td><a href="#t0">Login and Check mail</a></td><td class="num">0</td><td class="num attn">2</td><td class="num">0</td><td class="num">167</td><td></td><td></td></tr><tr class="stripe"><td><a href="#t1">Search Share Value</a></td><td class="num">1</td><td class="num">0</td><td class="num">0</td><td class="num">56</td><td></td><td></td></tr><tr><th>Total</th><th class="num">1</th><th class="num attn">2</th><th class="num">0</th><th class="num">223</th><th colspan="2"></th></tr></table><table><thead><tr><th>Class</th><th>Method</th><th>Start</th><th>Time (ms)</th></tr></thead><tbody><tr><th colspan="4">Rediff</th></tr></tbody><tbody id="t0"><tr><th colspan="4">Login and Check mail &#8212; skipped</th></tr><tr class="skippedeven"><td rowspan="2">com.qtpselenium.hybrid.testcases.LoginAndCheckMail</td><td><a href="#m0">LoginTest</a></td><td rowspan="1">1462121650566</td><td rowspan="1">0</td></tr><tr class="skippedeven"><td><a href="#m1">checkMailTest</a></td><td rowspan="1">1462121650619</td><td rowspan="1">0</td></tr></tbody><tbody id="t1"><tr><th colspan="4">Search Share Value &#8212; passed</th></tr><tr class="passedeven"><td rowspan="1">com.qtpselenium.hybrid.testcases.SearchShareTest</td><td><a href="#m2">sharePriceTest</a></td><td rowspan="1">1462121651204</td><td rowspan="1">38</td></tr></tbody></table><h2>Login and Check mail</h2><h3 id="m0">com.qtpselenium.hybrid.testcases.LoginAndCheckMail#LoginTest</h3><table class="result"><tr><th>Exception</th></tr><tr><td><div class="stacktrace">java.lang.RuntimeException: java.lang.NoClassDefFoundError: org/openqa/selenium/WebDriver
Caused by: java.lang.NoClassDefFoundError: org/openqa/selenium/WebDriver
	at com.qtpselenium.hybrid.testcases.LoginAndCheckMail.getLoginData(LoginAndCheckMail.java:48)
	... 20 more
Caused by: java.lang.ClassNotFoundException: org.openqa.selenium.WebDriver
	at java.net.URLClassLoader.findClass(Unknown Source)
	at java.lang.ClassLoader.loadClass(Unknown Source)
	at sun.misc.Launcher$AppClassLoader.loadClass(Unknown Source)
	at java.lang.ClassLoader.loadClass(Unknown Source)
	... 27 more
... Removed 27 stack frames</div></td></tr></table><p class="totop"><a href="#summary">back to summary</a></p><h3 id="m1">com.qtpselenium.hybrid.testcases.LoginAndCheckMail#checkMailTest</h3><table class="result"><tr><th>Exception</th></tr><tr><td><div class="stacktrace">java.lang.Throwable: Method LoginAndCheckMail.checkMailTest(java.util.Hashtable)[pri:0, instance:com.qtpselenium.hybrid.testcases.LoginAndCheckMail@22a71081] depends on not successfully finished methods
... Removed 17 stack frames</div></td></tr></table><p class="totop"><a href="#summary">back to summary</a></p><h2>Search Share Value</h2><h3 id="m2">com.qtpselenium.hybrid.testcases.SearchShareTest#sharePriceTest</h3><table class="result"></table><p class="totop"><a href="#summary">back to summary</a></p></body></html>