<?xml version="1.0" encoding="UTF-8"?>
<testng-results skipped="2" failed="0" total="3" passed="1">
  <reporter-output>
  </reporter-output>
  <suite name="Rediff" duration-ms="789" started-at="2016-05-01T16:54:10Z" finished-at="2016-05-01T16:54:11Z">
    <groups>
    </groups>
    <test name="Login and Check mail" duration-ms="167" started-at="2016-05-01T16:54:10Z" finished-at="2016-05-01T16:54:10Z">
      <class name="com.qtpselenium.hybrid.testcases.LoginAndCheckMail">
        <test-method status="SKIP" signature="LoginTest(java.util.Hashtable)[pri:0, instance:com.qtpselenium.hybrid.testcases.LoginAndCheckMail@22a71081]" name="LoginTest" duration-ms="0" started-at="2016-05-01T22:24:10Z" data-provider="getLoginData" finished-at="2016-05-01T22:24:10Z">
          <exception class="java.lang.RuntimeException">
            <message>
              <![CDATA[java.lang.NoClassDefFoundError: org/openqa/selenium/WebDriver]]>
            </message>
            <full-stacktrace>
              <![CDATA[java.lang.RuntimeException: java.lang.NoClassDefFoundError: org/openqa/selenium/WebDriver
	at org.testng.internal.MethodInvocationHelper.invokeDataProvider(MethodInvocationHelper.java:162)
	at org.testng.internal.Parameters.handleParameters(Parameters.java:430)
	at org.testng.internal.Invoker.handleParameters(Invoker.java:1287)
	at org.testng.internal.Invoker.createParameters(Invoker.java:1004)
	at org.testng.internal.Invoker.invokeTestMethods(Invoker.java:1093)
	at org.testng.internal.TestMethodWorker.invokeTestMethods(TestMethodWorker.java:124)
	at org.testng.internal.TestMethodWorker.run(TestMethodWorker.java:108)
	at org.testng.TestRunner.privateRun(TestRunner.java:771)
	at org.testng.TestRunner.run(TestRunner.java:621)
	at org.testng.SuiteRunner.runTest(SuiteRunner.java:357)
	at org.testng.SuiteRunner.runSequentially(SuiteRunner.java:352)
	at org.testng.SuiteRunner.privateRun(SuiteRunner.java:310)
	at org.testng.SuiteRunner.run(SuiteRunner.java:259)
	at org.testng.SuiteRunnerWorker.runSuite(SuiteRunnerWorker.java:52)
	at org.testng.SuiteRunnerWorker.run(SuiteRunnerWorker.java:86)
	at org.testng.TestNG.runSuitesSequentially(TestNG.java:1176)
	at org.testng.TestNG.runSuitesLocally(TestNG.java:1101)
	at org.testng.TestNG.run(TestNG.java:1009)
	at org.testng.remote.RemoteTestNG.run(RemoteTestNG.java:111)
	at org.testng.remote.RemoteTestNG.initAndRun(RemoteTestNG.java:204)
	at org.testng.remote.RemoteTestNG.main(RemoteTestNG.java:175)
Caused by: java.lang.NoClassDefFoundError: org/openqa/selenium/WebDriver
	at com.qtpselenium.hybrid.testcases.LoginAndCheckMail.getLoginData(LoginAndCheckMail.java:48)
	at sun.reflect.NativeMethodAccessorImpl.invoke0(Native Method)
	at sun.reflect.NativeMethodAccessorImpl.invoke(Unknown Source)
	at sun.reflect.DelegatingMethodAccessorImpl.invoke(Unknown Source)
	at java.lang.reflect.Method.invoke(Unknown Source)
	at org.testng.internal.MethodInvocationHelper.invokeMethod(MethodInvocationHelper.java:85)
	at org.testng.internal.MethodInvocationHelper.invokeDataProvider(MethodInvocationHelper.java:136)
	... 20 more
Caused by: java.lang.ClassNotFoundException: org.openqa.selenium.WebDriver
	at java.net.URLClassLoader.findClass(Unknown Source)
	at java.lang.ClassLoader.loadClass(Unknown Source)
	at sun.misc.Launcher$AppClassLoader.loadClass(Unknown Source)
	at java.lang.ClassLoader.loadClass(Unknown Source)
	... 27 more
]]>
            </full-stacktrace>
          </exception> <!-- java.lang.RuntimeException -->
          <reporter-output>
          </reporter-output>
        </test-method> <!-- LoginTest -->
        <test-method status="SKIP" signature="checkMailTest(java.util.Hashtable)[pri:0, instance:com.qtpselenium.hybrid.testcases.LoginAndCheckMail@22a71081]" name="checkMailTest" duration-ms="0" started-at="2016-05-01T22:24:10Z" data-provider="getCheckMailData" depends-on-methods="com.qtpselenium.hybrid.testcases.LoginAndCheckMail.LoginTest" finished-at="2016-05-01T22:24:10Z">
          <exception class="java.lang.Throwable">
            <message>
              <![CDATA[Method LoginAndCheckMail.checkMailTest(java.util.Hashtable)[pri:0, instance:com.qtpselenium.hybrid.testcases.LoginAndCheckMail@22a71081] depends on not successfully finished methods]]>
            </message>
            <full-stacktrace>
              <![CDATA[java.lang.Throwable: Method LoginAndCheckMail.checkMailTest(java.util.Hashtable)[pri:0, instance:com.qtpselenium.hybrid.testcases.LoginAndCheckMail@22a71081] depends on not successfully finished methods
	at org.testng.internal.Invoker.invokeTestMethods(Invoker.java:1052)
	at org.testng.internal.TestMethodWorker.invokeTestMethods(TestMethodWorker.java:124)
	at org.testng.internal.TestMethodWorker.run(TestMethodWorker.java:108)
	at org.testng.TestRunner.privateRun(TestRunner.java:771)
	at org.testng.TestRunner.run(TestRunner.java:621)
	at org.testng.SuiteRunner.runTest(SuiteRunner.java:357)
	at org.testng.SuiteRunner.runSequentially(SuiteRunner.java:352)
	at org.testng.SuiteRunner.privateRun(SuiteRunner.java:310)
	at org.testng.SuiteRunner.run(SuiteRunner.java:259)
	at org.testng.SuiteRunnerWorker.runSuite(SuiteRunnerWorker.java:52)
	at org.testng.SuiteRunnerWorker.run(SuiteRunnerWorker.java:86)
	at org.testng.TestNG.runSuitesSequentially(TestNG.java:1176)
	at org.testng.TestNG.runSuitesLocally(TestNG.java:1101)
	at org.testng.TestNG.run(TestNG.java:1009)
	at org.testng.remote.RemoteTestNG.run(RemoteTestNG.java:111)
	at org.testng.remote.RemoteTestNG.initAndRun(RemoteTestNG.java:204)
	at org.testng.remote.RemoteTestNG.main(RemoteTestNG.java:175)
]]>
            </full-stacktrace>
          </exception> <!-- java.lang.Throwable -->
          <reporter-output>
          </reporter-output>
        </test-method> <!-- checkMailTest -->
      </class> <!-- com.qtpselenium.hybrid.testcases.LoginAndCheckMail -->
    </test> <!-- Login and Check mail -->
    <test name="Search Share Value" duration-ms="56" started-at="2016-05-01T16:54:11Z" finished-at="2016-05-01T16:54:11Z">
      <class name="com.qtpselenium.hybrid.testcases.SearchShareTest">
        <test-method status="PASS" signature="sharePriceTest()[pri:0, instance:com.qtpselenium.hybrid.testcases.SearchShareTest@7bb11784]" name="sharePriceTest" duration-ms="38" started-at="2016-05-01T22:24:11Z" finished-at="2016-05-01T22:24:11Z">
          <reporter-output>
          </reporter-output>
        </test-method> <!-- sharePriceTest -->
      </class> <!-- com.qtpselenium.hybrid.testcases.SearchShareTest -->
    </test> <!-- Search Share Value -->
  </suite> <!-- Rediff -->
</testng-results>
